Determining if the pthread_create exist failed with the following output:
Change Dir: /afs/kth.se/home/s/i/sifanj/kthfsdv/build/receiver/CMakeFiles/CMakeTmp

Run Build Command:"/usr/bin/make" "cmTC_12e19/fast"
/usr/bin/make -f CMakeFiles/cmTC_12e19.dir/build.make CMakeFiles/cmTC_12e19.dir/build
make[1]: Entering directory '/afs/kth.se/home/s/i/sifanj/kthfsdv/build/receiver/CMakeFiles/CMakeTmp'
Building C object CMakeFiles/cmTC_12e19.dir/CheckSymbolExists.c.o
/usr/bin/cc    -o CMakeFiles/cmTC_12e19.dir/CheckSymbolExists.c.o   -c /afs/kth.se/home/s/i/sifanj/kthfsdv/build/receiver/CMakeFiles/CMakeTmp/CheckSymbolExists.c
Linking C executable cmTC_12e19
/usr/bin/cmake -E cmake_link_script CMakeFiles/cmTC_12e19.dir/link.txt --verbose=1
/usr/bin/cc      -rdynamic CMakeFiles/cmTC_12e19.dir/CheckSymbolExists.c.o  -o cmTC_12e19 
CMakeFiles/cmTC_12e19.dir/CheckSymbolExists.c.o: In function `main':
CheckSymbolExists.c:(.text+0x1b): undefined reference to `pthread_create'
collect2: error: ld returned 1 exit status
CMakeFiles/cmTC_12e19.dir/build.make:97: recipe for target 'cmTC_12e19' failed
make[1]: *** [cmTC_12e19] Error 1
make[1]: Leaving directory '/afs/kth.se/home/s/i/sifanj/kthfsdv/build/receiver/CMakeFiles/CMakeTmp'
Makefile:126: recipe for target 'cmTC_12e19/fast' failed
make: *** [cmTC_12e19/fast] Error 2

File /afs/kth.se/home/s/i/sifanj/kthfsdv/build/receiver/CMakeFiles/CMakeTmp/CheckSymbolExists.c:
/* */
#include <pthread.h>

int main(int argc, char** argv)
{
  (void)argv;
#ifndef pthread_create
  return ((int*)(&pthread_create))[argc];
#else
  (void)argc;
  return 0;
#endif
}

Determining if the function pthread_create exists in the pthreads failed with the following output:
Change Dir: /afs/kth.se/home/s/i/sifanj/kthfsdv/build/receiver/CMakeFiles/CMakeTmp

Run Build Command:"/usr/bin/make" "cmTC_401b1/fast"
/usr/bin/make -f CMakeFiles/cmTC_401b1.dir/build.make CMakeFiles/cmTC_401b1.dir/build
make[1]: Entering directory '/afs/kth.se/home/s/i/sifanj/kthfsdv/build/receiver/CMakeFiles/CMakeTmp'
Building C object CMakeFiles/cmTC_401b1.dir/CheckFunctionExists.c.o
/usr/bin/cc   -DCHECK_FUNCTION_EXISTS=pthread_create   -o CMakeFiles/cmTC_401b1.dir/CheckFunctionExists.c.o   -c /usr/share/cmake-3.10/Modules/CheckFunctionExists.c
Linking C executable cmTC_401b1
/usr/bin/cmake -E cmake_link_script CMakeFiles/cmTC_401b1.dir/link.txt --verbose=1
/usr/bin/cc  -DCHECK_FUNCTION_EXISTS=pthread_create    -rdynamic CMakeFiles/cmTC_401b1.dir/CheckFunctionExists.c.o  -o cmTC_401b1 -lpthreads 
/usr/bin/ld: cannot find -lpthreads
collect2: error: ld returned 1 exit status
CMakeFiles/cmTC_401b1.dir/build.make:97: recipe for target 'cmTC_401b1' failed
make[1]: *** [cmTC_401b1] Error 1
make[1]: Leaving directory '/afs/kth.se/home/s/i/sifanj/kthfsdv/build/receiver/CMakeFiles/CMakeTmp'
Makefile:126: recipe for target 'cmTC_401b1/fast' failed
make: *** [cmTC_401b1/fast] Error 2


