Determining if the pthread_create exist failed with the following output:
Change Dir: /afs/kth.se/home/s/i/sifanj/kthfsdv/build/catkin_tools_prebuild/CMakeFiles/CMakeTmp

Run Build Command:"/usr/bin/make" "cmTC_73fae/fast"
/usr/bin/make -f CMakeFiles/cmTC_73fae.dir/build.make CMakeFiles/cmTC_73fae.dir/build
make[1]: Entering directory '/afs/kth.se/home/s/i/sifanj/kthfsdv/build/catkin_tools_prebuild/CMakeFiles/CMakeTmp'
Building C object CMakeFiles/cmTC_73fae.dir/CheckSymbolExists.c.o
/usr/bin/cc    -o CMakeFiles/cmTC_73fae.dir/CheckSymbolExists.c.o   -c /afs/kth.se/home/s/i/sifanj/kthfsdv/build/catkin_tools_prebuild/CMakeFiles/CMakeTmp/CheckSymbolExists.c
Linking C executable cmTC_73fae
/usr/bin/cmake -E cmake_link_script CMakeFiles/cmTC_73fae.dir/link.txt --verbose=1
/usr/bin/cc      -rdynamic CMakeFiles/cmTC_73fae.dir/CheckSymbolExists.c.o  -o cmTC_73fae 
CMakeFiles/cmTC_73fae.dir/CheckSymbolExists.c.o: In function `main':
CheckSymbolExists.c:(.text+0x1b): undefined reference to `pthread_create'
collect2: error: ld returned 1 exit status
CMakeFiles/cmTC_73fae.dir/build.make:97: recipe for target 'cmTC_73fae' failed
make[1]: *** [cmTC_73fae] Error 1
make[1]: Leaving directory '/afs/kth.se/home/s/i/sifanj/kthfsdv/build/catkin_tools_prebuild/CMakeFiles/CMakeTmp'
Makefile:126: recipe for target 'cmTC_73fae/fast' failed
make: *** [cmTC_73fae/fast] Error 2

File /afs/kth.se/home/s/i/sifanj/kthfsdv/build/catkin_tools_prebuild/CMakeFiles/CMakeTmp/CheckSymbolExists.c:
/* */
#include <pthread.h>

int main(int argc, char** argv)
{
  (void)argv;
#ifndef pthread_create
  return ((int*)(&pthread_create))[argc];
#else
  (void)argc;
  return 0;
#endif
}

Determining if the function pthread_create exists in the pthreads failed with the following output:
Change Dir: /afs/kth.se/home/s/i/sifanj/kthfsdv/build/catkin_tools_prebuild/CMakeFiles/CMakeTmp

Run Build Command:"/usr/bin/make" "cmTC_17ff3/fast"
/usr/bin/make -f CMakeFiles/cmTC_17ff3.dir/build.make CMakeFiles/cmTC_17ff3.dir/build
make[1]: Entering directory '/afs/kth.se/home/s/i/sifanj/kthfsdv/build/catkin_tools_prebuild/CMakeFiles/CMakeTmp'
Building C object CMakeFiles/cmTC_17ff3.dir/CheckFunctionExists.c.o
/usr/bin/cc   -DCHECK_FUNCTION_EXISTS=pthread_create   -o CMakeFiles/cmTC_17ff3.dir/CheckFunctionExists.c.o   -c /usr/share/cmake-3.10/Modules/CheckFunctionExists.c
Linking C executable cmTC_17ff3
/usr/bin/cmake -E cmake_link_script CMakeFiles/cmTC_17ff3.dir/link.txt --verbose=1
/usr/bin/cc  -DCHECK_FUNCTION_EXISTS=pthread_create    -rdynamic CMakeFiles/cmTC_17ff3.dir/CheckFunctionExists.c.o  -o cmTC_17ff3 -lpthreads 
/usr/bin/ld: cannot find -lpthreads
collect2: error: ld returned 1 exit status
CMakeFiles/cmTC_17ff3.dir/build.make:97: recipe for target 'cmTC_17ff3' failed
make[1]: *** [cmTC_17ff3] Error 1
make[1]: Leaving directory '/afs/kth.se/home/s/i/sifanj/kthfsdv/build/catkin_tools_prebuild/CMakeFiles/CMakeTmp'
Makefile:126: recipe for target 'cmTC_17ff3/fast' failed
make: *** [cmTC_17ff3/fast] Error 2


